# BUSINESS STRUCTURE CREATED - 29 January 2025

## Files Created:
- /docs/business/WEBSITE_MANAGEMENT_BUSINESS.md (main structure)
- /docs/maintenance/DAILY_CHECKLIST.md
- /docs/maintenance/WEEKLY_TASKS.md
- /docs/maintenance/MONTHLY_TASKS.md
- /docs/INDEX.md (master documentation index)

## Project Cleanup:
- Archived 20+ old MD files from root to /docs/archive/
- Moved scripts to /scripts/screenshots/
- Organized active docs into /docs/ structure
- Cleaned root from 36 MD files to 7 essential files

## Business Framework:
- 6 departments (Technical Ops, UX, Content/SEO, Analytics, Integrations, QA)
- 3 service tiers
- Daily/Weekly/Monthly maintenance schedules
- Emergency response protocols
- 2025 roadmap with quarterly milestones

## Next Steps:
- Performance audit with Lighthouse
- Google Analytics 4 installation
- Begin maintenance rhythm
